<?xml version="1.0" encoding="UTF-8"?>
<coverage generated="1779815156122" clover="3.2.0">
  <project timestamp="1779815156122" name="All files">
    <metrics statements="84" coveredstatements="82" conditionals="50" coveredconditionals="34" methods="26" coveredmethods="26" elements="160" coveredelements="142" complexity="0" loc="84" ncloc="84" packages="1" files="2" classes="2"/>
    <file name="KnowledgeBase.js" path="C:\Users\User\Documents\3rd Year\FYP\Code\server\services\KnowledgeBase.js">
      <metrics statements="57" coveredstatements="55" conditionals="45" coveredconditionals="31" methods="18" coveredmethods="18"/>
      <line num="1" count="1" type="stmt"/>
      <line num="2" count="1" type="stmt"/>
      <line num="6" count="1" type="stmt"/>
      <line num="7" count="1" type="stmt"/>
      <line num="8" count="1" type="stmt"/>
      <line num="9" count="1" type="stmt"/>
      <line num="13" count="7" type="cond" truecount="1" falsecount="1"/>
      <line num="15" count="7" type="stmt"/>
      <line num="16" count="7" type="stmt"/>
      <line num="17" count="7" type="stmt"/>
      <line num="18" count="6" type="stmt"/>
      <line num="20" count="6" type="stmt"/>
      <line num="22" count="6" type="cond" truecount="1" falsecount="1"/>
      <line num="23" count="6" type="stmt"/>
      <line num="29" count="0" type="cond" truecount="0" falsecount="2"/>
      <line num="32" count="6" type="stmt"/>
      <line num="33" count="6" type="stmt"/>
      <line num="35" count="1" type="stmt"/>
      <line num="41" count="4" type="stmt"/>
      <line num="42" count="6" type="stmt"/>
      <line num="44" count="4" type="stmt"/>
      <line num="45" count="8" type="cond" truecount="2" falsecount="2"/>
      <line num="46" count="4" type="cond" truecount="2" falsecount="2"/>
      <line num="47" count="4" type="cond" truecount="2" falsecount="3"/>
      <line num="48" count="16" type="cond" truecount="3" falsecount="0"/>
      <line num="50" count="4" type="stmt"/>
      <line num="51" count="16" type="stmt"/>
      <line num="52" count="16" type="stmt"/>
      <line num="53" count="16" type="stmt"/>
      <line num="55" count="16" type="stmt"/>
      <line num="56" count="24" type="cond" truecount="2" falsecount="0"/>
      <line num="57" count="7" type="stmt"/>
      <line num="58" count="7" type="cond" truecount="2" falsecount="0"/>
      <line num="59" count="7" type="cond" truecount="2" falsecount="0"/>
      <line num="64" count="16" type="stmt"/>
      <line num="65" count="16" type="stmt"/>
      <line num="66" count="48" type="stmt"/>
      <line num="68" count="16" type="cond" truecount="2" falsecount="0"/>
      <line num="69" count="8" type="cond" truecount="2" falsecount="0"/>
      <line num="70" count="8" type="stmt"/>
      <line num="72" count="8" type="cond" truecount="2" falsecount="0"/>
      <line num="73" count="4" type="stmt"/>
      <line num="74" count="4" type="cond" truecount="1" falsecount="1"/>
      <line num="75" count="0" type="stmt"/>
      <line num="77" count="4" type="stmt"/>
      <line num="81" count="16" type="stmt"/>
      <line num="84" count="4" type="stmt"/>
      <line num="85" count="16" type="stmt"/>
      <line num="86" count="2" type="stmt"/>
      <line num="91" count="3" type="cond" truecount="1" falsecount="1"/>
      <line num="93" count="3" type="stmt"/>
      <line num="94" count="3" type="cond" truecount="2" falsecount="0"/>
      <line num="95" count="1" type="stmt"/>
      <line num="96" count="2" type="cond" truecount="2" falsecount="0"/>
      <line num="97" count="1" type="stmt"/>
      <line num="99" count="1" type="stmt"/>
      <line num="104" count="1" type="stmt"/>
    </file>
    <file name="VectorStore.js" path="C:\Users\User\Documents\3rd Year\FYP\Code\server\services\VectorStore.js">
      <metrics statements="27" coveredstatements="27" conditionals="5" coveredconditionals="3" methods="8" coveredmethods="8"/>
      <line num="1" count="1" type="stmt"/>
      <line num="2" count="1" type="stmt"/>
      <line num="6" count="1" type="stmt"/>
      <line num="7" count="1" type="stmt"/>
      <line num="11" count="3" type="cond" truecount="2" falsecount="0"/>
      <line num="12" count="2" type="stmt"/>
      <line num="13" count="2" type="stmt"/>
      <line num="14" count="2" type="stmt"/>
      <line num="16" count="1" type="stmt"/>
      <line num="22" count="8" type="stmt"/>
      <line num="23" count="8" type="stmt"/>
      <line num="24" count="8" type="stmt"/>
      <line num="25" count="8" type="stmt"/>
      <line num="26" count="24" type="stmt"/>
      <line num="27" count="24" type="stmt"/>
      <line num="28" count="24" type="stmt"/>
      <line num="30" count="8" type="stmt"/>
      <line num="34" count="2" type="cond" truecount="1" falsecount="1"/>
      <line num="36" count="6" type="stmt"/>
      <line num="42" count="2" type="stmt"/>
      <line num="43" count="6" type="stmt"/>
      <line num="46" count="3" type="stmt"/>
      <line num="47" count="3" type="stmt"/>
      <line num="52" count="1" type="stmt"/>
      <line num="53" count="1" type="stmt"/>
      <line num="54" count="1" type="stmt"/>
      <line num="58" count="1" type="stmt"/>
    </file>
  </project>
</coverage>
