{"C:\\Users\\User\\Documents\\3rd Year\\FYP\\Code\\server\\services\\KnowledgeBase.js": {"path":"C:\\Users\\User\\Documents\\3rd Year\\FYP\\Code\\server\\services\\KnowledgeBase.js","statementMap":{"0":{"start":{"line":1,"column":11},"end":{"line":1,"column":24}},"1":{"start":{"line":2,"column":13},"end":{"line":2,"column":28}},"2":{"start":{"line":6,"column":4},"end":{"line":6,"column":20}},"3":{"start":{"line":7,"column":4},"end":{"line":7,"column":25}},"4":{"start":{"line":8,"column":4},"end":{"line":8,"column":24}},"5":{"start":{"line":9,"column":4},"end":{"line":9,"column":26}},"6":{"start":{"line":13,"column":4},"end":{"line":13,"column":30}},"7":{"start":{"line":13,"column":23},"end":{"line":13,"column":30}},"8":{"start":{"line":15,"column":20},"end":{"line":15,"column":54}},"9":{"start":{"line":16,"column":4},"end":{"line":36,"column":5}},"10":{"start":{"line":17,"column":6},"end":{"line":17,"column":89}},"11":{"start":{"line":18,"column":6},"end":{"line":18,"column":99}},"12":{"start":{"line":20,"column":27},"end":{"line":20,"column":100}},"13":{"start":{"line":22,"column":6},"end":{"line":30,"column":7}},"14":{"start":{"line":23,"column":8},"end":{"line":27,"column":12}},"15":{"start":{"line":23,"column":84},"end":{"line":27,"column":9}},"16":{"start":{"line":29,"column":8},"end":{"line":29,"column":73}},"17":{"start":{"line":32,"column":6},"end":{"line":32,"column":27}},"18":{"start":{"line":33,"column":6},"end":{"line":33,"column":149}},"19":{"start":{"line":35,"column":6},"end":{"line":35,"column":68}},"20":{"start":{"line":41,"column":4},"end":{"line":41,"column":16}},"21":{"start":{"line":42,"column":21},"end":{"line":42,"column":79}},"22":{"start":{"line":42,"column":66},"end":{"line":42,"column":78}},"23":{"start":{"line":44,"column":21},"end":{"line":48,"column":52}},"24":{"start":{"line":45,"column":38},"end":{"line":45,"column":144}},"25":{"start":{"line":46,"column":43},"end":{"line":46,"column":161}},"26":{"start":{"line":47,"column":42},"end":{"line":47,"column":166}},"27":{"start":{"line":48,"column":21},"end":{"line":48,"column":51}},"28":{"start":{"line":50,"column":19},"end":{"line":82,"column":6}},"29":{"start":{"line":51,"column":18},"end":{"line":51,"column":19}},"30":{"start":{"line":52,"column":23},"end":{"line":52,"column":46}},"31":{"start":{"line":53,"column":23},"end":{"line":53,"column":46}},"32":{"start":{"line":55,"column":6},"end":{"line":61,"column":9}},"33":{"start":{"line":56,"column":8},"end":{"line":60,"column":9}},"34":{"start":{"line":57,"column":10},"end":{"line":57,"column":21}},"35":{"start":{"line":58,"column":10},"end":{"line":58,"column":53}},"36":{"start":{"line":58,"column":42},"end":{"line":58,"column":53}},"37":{"start":{"line":59,"column":10},"end":{"line":59,"column":48}},"38":{"start":{"line":59,"column":36},"end":{"line":59,"column":48}},"39":{"start":{"line":64,"column":25},"end":{"line":64,"column":44}},"40":{"start":{"line":65,"column":21},"end":{"line":65,"column":47}},"41":{"start":{"line":66,"column":30},"end":{"line":66,"column":72}},"42":{"start":{"line":66,"column":49},"end":{"line":66,"column":71}},"43":{"start":{"line":68,"column":6},"end":{"line":79,"column":7}},"44":{"start":{"line":69,"column":29},"end":{"line":69,"column":78}},"45":{"start":{"line":70,"column":31},"end":{"line":70,"column":82}},"46":{"start":{"line":70,"column":57},"end":{"line":70,"column":81}},"47":{"start":{"line":72,"column":8},"end":{"line":78,"column":9}},"48":{"start":{"line":73,"column":10},"end":{"line":73,"column":22}},"49":{"start":{"line":74,"column":15},"end":{"line":78,"column":9}},"50":{"start":{"line":74,"column":45},"end":{"line":74,"column":65}},"51":{"start":{"line":75,"column":10},"end":{"line":75,"column":21}},"52":{"start":{"line":77,"column":10},"end":{"line":77,"column":21}},"53":{"start":{"line":81,"column":6},"end":{"line":81,"column":32}},"54":{"start":{"line":84,"column":4},"end":{"line":87,"column":22}},"55":{"start":{"line":85,"column":22},"end":{"line":85,"column":36}},"56":{"start":{"line":86,"column":22},"end":{"line":86,"column":39}},"57":{"start":{"line":91,"column":4},"end":{"line":91,"column":94}},"58":{"start":{"line":91,"column":30},"end":{"line":91,"column":94}},"59":{"start":{"line":93,"column":4},"end":{"line":100,"column":20}},"60":{"start":{"line":94,"column":6},"end":{"line":98,"column":7}},"61":{"start":{"line":95,"column":8},"end":{"line":95,"column":179}},"62":{"start":{"line":96,"column":13},"end":{"line":98,"column":7}},"63":{"start":{"line":97,"column":8},"end":{"line":97,"column":119}},"64":{"start":{"line":99,"column":6},"end":{"line":99,"column":66}},"65":{"start":{"line":104,"column":0},"end":{"line":104,"column":37}}},"fnMap":{"0":{"name":"(anonymous_0)","decl":{"start":{"line":5,"column":2},"end":{"line":5,"column":3}},"loc":{"start":{"line":5,"column":16},"end":{"line":10,"column":3}},"line":5},"1":{"name":"(anonymous_1)","decl":{"start":{"line":12,"column":2},"end":{"line":12,"column":3}},"loc":{"start":{"line":12,"column":9},"end":{"line":37,"column":3}},"line":12},"2":{"name":"(anonymous_2)","decl":{"start":{"line":23,"column":67},"end":{"line":23,"column":68}},"loc":{"start":{"line":23,"column":84},"end":{"line":27,"column":9}},"line":23},"3":{"name":"(anonymous_3)","decl":{"start":{"line":40,"column":2},"end":{"line":40,"column":3}},"loc":{"start":{"line":40,"column":26},"end":{"line":88,"column":3}},"line":40},"4":{"name":"(anonymous_4)","decl":{"start":{"line":42,"column":61},"end":{"line":42,"column":62}},"loc":{"start":{"line":42,"column":66},"end":{"line":42,"column":78}},"line":42},"5":{"name":"(anonymous_5)","decl":{"start":{"line":45,"column":32},"end":{"line":45,"column":33}},"loc":{"start":{"line":45,"column":38},"end":{"line":45,"column":144}},"line":45},"6":{"name":"(anonymous_6)","decl":{"start":{"line":46,"column":37},"end":{"line":46,"column":38}},"loc":{"start":{"line":46,"column":43},"end":{"line":46,"column":161}},"line":46},"7":{"name":"(anonymous_7)","decl":{"start":{"line":47,"column":36},"end":{"line":47,"column":37}},"loc":{"start":{"line":47,"column":42},"end":{"line":47,"column":166}},"line":47},"8":{"name":"(anonymous_8)","decl":{"start":{"line":48,"column":13},"end":{"line":48,"column":14}},"loc":{"start":{"line":48,"column":21},"end":{"line":48,"column":51}},"line":48},"9":{"name":"(anonymous_9)","decl":{"start":{"line":50,"column":32},"end":{"line":50,"column":33}},"loc":{"start":{"line":50,"column":40},"end":{"line":82,"column":5}},"line":50},"10":{"name":"(anonymous_10)","decl":{"start":{"line":55,"column":23},"end":{"line":55,"column":24}},"loc":{"start":{"line":55,"column":34},"end":{"line":61,"column":7}},"line":55},"11":{"name":"(anonymous_11)","decl":{"start":{"line":66,"column":44},"end":{"line":66,"column":45}},"loc":{"start":{"line":66,"column":49},"end":{"line":66,"column":71}},"line":66},"12":{"name":"(anonymous_12)","decl":{"start":{"line":70,"column":52},"end":{"line":70,"column":53}},"loc":{"start":{"line":70,"column":57},"end":{"line":70,"column":81}},"line":70},"13":{"name":"(anonymous_13)","decl":{"start":{"line":74,"column":40},"end":{"line":74,"column":41}},"loc":{"start":{"line":74,"column":45},"end":{"line":74,"column":65}},"line":74},"14":{"name":"(anonymous_14)","decl":{"start":{"line":85,"column":14},"end":{"line":85,"column":15}},"loc":{"start":{"line":85,"column":22},"end":{"line":85,"column":36}},"line":85},"15":{"name":"(anonymous_15)","decl":{"start":{"line":86,"column":12},"end":{"line":86,"column":13}},"loc":{"start":{"line":86,"column":22},"end":{"line":86,"column":39}},"line":86},"16":{"name":"(anonymous_16)","decl":{"start":{"line":90,"column":2},"end":{"line":90,"column":3}},"loc":{"start":{"line":90,"column":25},"end":{"line":101,"column":3}},"line":90},"17":{"name":"(anonymous_17)","decl":{"start":{"line":93,"column":23},"end":{"line":93,"column":24}},"loc":{"start":{"line":93,"column":33},"end":{"line":100,"column":5}},"line":93}},"branchMap":{"0":{"loc":{"start":{"line":13,"column":4},"end":{"line":13,"column":30}},"type":"if","locations":[{"start":{"line":13,"column":4},"end":{"line":13,"column":30}},{"start":{},"end":{}}],"line":13},"1":{"loc":{"start":{"line":22,"column":6},"end":{"line":30,"column":7}},"type":"if","locations":[{"start":{"line":22,"column":6},"end":{"line":30,"column":7}},{"start":{"line":28,"column":13},"end":{"line":30,"column":7}}],"line":22},"2":{"loc":{"start":{"line":24,"column":16},"end":{"line":24,"column":36}},"type":"binary-expr","locations":[{"start":{"line":24,"column":16},"end":{"line":24,"column":29}},{"start":{"line":24,"column":33},"end":{"line":24,"column":36}}],"line":24},"3":{"loc":{"start":{"line":29,"column":25},"end":{"line":29,"column":72}},"type":"cond-expr","locations":[{"start":{"line":29,"column":55},"end":{"line":29,"column":67}},{"start":{"line":29,"column":70},"end":{"line":29,"column":72}}],"line":29},"4":{"loc":{"start":{"line":40,"column":16},"end":{"line":40,"column":24}},"type":"default-arg","locations":[{"start":{"line":40,"column":23},"end":{"line":40,"column":24}}],"line":40},"5":{"loc":{"start":{"line":45,"column":10},"end":{"line":45,"column":26}},"type":"binary-expr","locations":[{"start":{"line":45,"column":10},"end":{"line":45,"column":20}},{"start":{"line":45,"column":24},"end":{"line":45,"column":26}}],"line":45},"6":{"loc":{"start":{"line":45,"column":60},"end":{"line":45,"column":79}},"type":"binary-expr","locations":[{"start":{"line":45,"column":60},"end":{"line":45,"column":66}},{"start":{"line":45,"column":70},"end":{"line":45,"column":79}}],"line":45},"7":{"loc":{"start":{"line":46,"column":10},"end":{"line":46,"column":31}},"type":"binary-expr","locations":[{"start":{"line":46,"column":10},"end":{"line":46,"column":25}},{"start":{"line":46,"column":29},"end":{"line":46,"column":31}}],"line":46},"8":{"loc":{"start":{"line":46,"column":70},"end":{"line":46,"column":89}},"type":"binary-expr","locations":[{"start":{"line":46,"column":70},"end":{"line":46,"column":76}},{"start":{"line":46,"column":80},"end":{"line":46,"column":89}}],"line":46},"9":{"loc":{"start":{"line":47,"column":10},"end":{"line":47,"column":30}},"type":"binary-expr","locations":[{"start":{"line":47,"column":10},"end":{"line":47,"column":24}},{"start":{"line":47,"column":28},"end":{"line":47,"column":30}}],"line":47},"10":{"loc":{"start":{"line":47,"column":68},"end":{"line":47,"column":102}},"type":"binary-expr","locations":[{"start":{"line":47,"column":68},"end":{"line":47,"column":74}},{"start":{"line":47,"column":78},"end":{"line":47,"column":89}},{"start":{"line":47,"column":93},"end":{"line":47,"column":102}}],"line":47},"11":{"loc":{"start":{"line":48,"column":21},"end":{"line":48,"column":51}},"type":"binary-expr","locations":[{"start":{"line":48,"column":21},"end":{"line":48,"column":25}},{"start":{"line":48,"column":29},"end":{"line":48,"column":38}},{"start":{"line":48,"column":42},"end":{"line":48,"column":51}}],"line":48},"12":{"loc":{"start":{"line":56,"column":8},"end":{"line":60,"column":9}},"type":"if","locations":[{"start":{"line":56,"column":8},"end":{"line":60,"column":9}},{"start":{},"end":{}}],"line":56},"13":{"loc":{"start":{"line":58,"column":10},"end":{"line":58,"column":53}},"type":"if","locations":[{"start":{"line":58,"column":10},"end":{"line":58,"column":53}},{"start":{},"end":{}}],"line":58},"14":{"loc":{"start":{"line":59,"column":10},"end":{"line":59,"column":48}},"type":"if","locations":[{"start":{"line":59,"column":10},"end":{"line":59,"column":48}},{"start":{},"end":{}}],"line":59},"15":{"loc":{"start":{"line":68,"column":6},"end":{"line":79,"column":7}},"type":"if","locations":[{"start":{"line":68,"column":6},"end":{"line":79,"column":7}},{"start":{},"end":{}}],"line":68},"16":{"loc":{"start":{"line":69,"column":30},"end":{"line":69,"column":52}},"type":"binary-expr","locations":[{"start":{"line":69,"column":30},"end":{"line":69,"column":46}},{"start":{"line":69,"column":50},"end":{"line":69,"column":52}}],"line":69},"17":{"loc":{"start":{"line":72,"column":8},"end":{"line":78,"column":9}},"type":"if","locations":[{"start":{"line":72,"column":8},"end":{"line":78,"column":9}},{"start":{"line":74,"column":15},"end":{"line":78,"column":9}}],"line":72},"18":{"loc":{"start":{"line":74,"column":15},"end":{"line":78,"column":9}},"type":"if","locations":[{"start":{"line":74,"column":15},"end":{"line":78,"column":9}},{"start":{"line":76,"column":15},"end":{"line":78,"column":9}}],"line":74},"19":{"loc":{"start":{"line":91,"column":4},"end":{"line":91,"column":94}},"type":"if","locations":[{"start":{"line":91,"column":4},"end":{"line":91,"column":94}},{"start":{},"end":{}}],"line":91},"20":{"loc":{"start":{"line":94,"column":6},"end":{"line":98,"column":7}},"type":"if","locations":[{"start":{"line":94,"column":6},"end":{"line":98,"column":7}},{"start":{"line":96,"column":13},"end":{"line":98,"column":7}}],"line":94},"21":{"loc":{"start":{"line":96,"column":13},"end":{"line":98,"column":7}},"type":"if","locations":[{"start":{"line":96,"column":13},"end":{"line":98,"column":7}},{"start":{},"end":{}}],"line":96}},"s":{"0":1,"1":1,"2":1,"3":1,"4":1,"5":1,"6":7,"7":0,"8":7,"9":7,"10":7,"11":6,"12":6,"13":6,"14":6,"15":6,"16":0,"17":6,"18":6,"19":1,"20":4,"21":4,"22":6,"23":4,"24":8,"25":4,"26":4,"27":16,"28":4,"29":16,"30":16,"31":16,"32":16,"33":24,"34":7,"35":7,"36":3,"37":7,"38":3,"39":16,"40":16,"41":16,"42":48,"43":16,"44":8,"45":8,"46":8,"47":8,"48":4,"49":4,"50":4,"51":0,"52":4,"53":16,"54":4,"55":16,"56":2,"57":3,"58":0,"59":3,"60":3,"61":1,"62":2,"63":1,"64":1,"65":1},"f":{"0":1,"1":7,"2":6,"3":4,"4":6,"5":8,"6":4,"7":4,"8":16,"9":16,"10":24,"11":48,"12":8,"13":4,"14":16,"15":2,"16":3,"17":3},"b":{"0":[0,7],"1":[6,0],"2":[6,0],"3":[0,0],"4":[4],"5":[4,0],"6":[8,0],"7":[4,0],"8":[4,0],"9":[4,0],"10":[4,0,0],"11":[16,16,16],"12":[7,17],"13":[3,4],"14":[3,4],"15":[8,8],"16":[8,4],"17":[4,4],"18":[0,4],"19":[0,3],"20":[1,2],"21":[1,1]},"_coverageSchema":"1a1c01bbd47fc00a2c39e90264f33305004495a9","hash":"9a1a80e186a8cb4858cb6acf5eaaef48361c2d81"}
,"C:\\Users\\User\\Documents\\3rd Year\\FYP\\Code\\server\\services\\VectorStore.js": {"path":"C:\\Users\\User\\Documents\\3rd Year\\FYP\\Code\\server\\services\\VectorStore.js","statementMap":{"0":{"start":{"line":1,"column":11},"end":{"line":1,"column":24}},"1":{"start":{"line":2,"column":13},"end":{"line":2,"column":28}},"2":{"start":{"line":6,"column":4},"end":{"line":6,"column":74}},"3":{"start":{"line":7,"column":4},"end":{"line":7,"column":20}},"4":{"start":{"line":11,"column":4},"end":{"line":17,"column":5}},"5":{"start":{"line":12,"column":19},"end":{"line":12,"column":60}},"6":{"start":{"line":13,"column":6},"end":{"line":13,"column":36}},"7":{"start":{"line":14,"column":6},"end":{"line":14,"column":82}},"8":{"start":{"line":16,"column":6},"end":{"line":16,"column":82}},"9":{"start":{"line":22,"column":21},"end":{"line":22,"column":22}},"10":{"start":{"line":23,"column":16},"end":{"line":23,"column":17}},"11":{"start":{"line":24,"column":16},"end":{"line":24,"column":17}},"12":{"start":{"line":25,"column":4},"end":{"line":29,"column":5}},"13":{"start":{"line":25,"column":17},"end":{"line":25,"column":18}},"14":{"start":{"line":26,"column":6},"end":{"line":26,"column":38}},"15":{"start":{"line":27,"column":6},"end":{"line":27,"column":33}},"16":{"start":{"line":28,"column":6},"end":{"line":28,"column":33}},"17":{"start":{"line":30,"column":4},"end":{"line":30,"column":62}},"18":{"start":{"line":34,"column":4},"end":{"line":34,"column":51}},"19":{"start":{"line":34,"column":33},"end":{"line":34,"column":51}},"20":{"start":{"line":36,"column":20},"end":{"line":39,"column":7}},"21":{"start":{"line":36,"column":44},"end":{"line":39,"column":5}},"22":{"start":{"line":42,"column":4},"end":{"line":48,"column":9}},"23":{"start":{"line":43,"column":22},"end":{"line":43,"column":39}},"24":{"start":{"line":46,"column":39},"end":{"line":46,"column":43}},"25":{"start":{"line":47,"column":8},"end":{"line":47,"column":20}},"26":{"start":{"line":52,"column":4},"end":{"line":52,"column":26}},"27":{"start":{"line":53,"column":4},"end":{"line":53,"column":76}},"28":{"start":{"line":54,"column":4},"end":{"line":54,"column":73}},"29":{"start":{"line":58,"column":0},"end":{"line":58,"column":35}}},"fnMap":{"0":{"name":"(anonymous_0)","decl":{"start":{"line":5,"column":2},"end":{"line":5,"column":3}},"loc":{"start":{"line":5,"column":16},"end":{"line":8,"column":3}},"line":5},"1":{"name":"(anonymous_1)","decl":{"start":{"line":10,"column":2},"end":{"line":10,"column":3}},"loc":{"start":{"line":10,"column":15},"end":{"line":18,"column":3}},"line":10},"2":{"name":"(anonymous_2)","decl":{"start":{"line":21,"column":2},"end":{"line":21,"column":3}},"loc":{"start":{"line":21,"column":31},"end":{"line":31,"column":3}},"line":21},"3":{"name":"(anonymous_3)","decl":{"start":{"line":33,"column":2},"end":{"line":33,"column":3}},"loc":{"start":{"line":33,"column":41},"end":{"line":49,"column":3}},"line":33},"4":{"name":"(anonymous_4)","decl":{"start":{"line":36,"column":35},"end":{"line":36,"column":36}},"loc":{"start":{"line":36,"column":44},"end":{"line":39,"column":5}},"line":36},"5":{"name":"(anonymous_5)","decl":{"start":{"line":43,"column":12},"end":{"line":43,"column":13}},"loc":{"start":{"line":43,"column":22},"end":{"line":43,"column":39}},"line":43},"6":{"name":"(anonymous_6)","decl":{"start":{"line":45,"column":11},"end":{"line":45,"column":12}},"loc":{"start":{"line":45,"column":19},"end":{"line":48,"column":7}},"line":45},"7":{"name":"(anonymous_7)","decl":{"start":{"line":51,"column":2},"end":{"line":51,"column":3}},"loc":{"start":{"line":51,"column":23},"end":{"line":55,"column":3}},"line":51}},"branchMap":{"0":{"loc":{"start":{"line":11,"column":4},"end":{"line":17,"column":5}},"type":"if","locations":[{"start":{"line":11,"column":4},"end":{"line":17,"column":5}},{"start":{"line":15,"column":11},"end":{"line":17,"column":5}}],"line":11},"1":{"loc":{"start":{"line":33,"column":31},"end":{"line":33,"column":39}},"type":"default-arg","locations":[{"start":{"line":33,"column":38},"end":{"line":33,"column":39}}],"line":33},"2":{"loc":{"start":{"line":34,"column":4},"end":{"line":34,"column":51}},"type":"if","locations":[{"start":{"line":34,"column":4},"end":{"line":34,"column":51}},{"start":{},"end":{}}],"line":34}},"s":{"0":1,"1":1,"2":1,"3":1,"4":3,"5":2,"6":2,"7":2,"8":1,"9":8,"10":8,"11":8,"12":8,"13":8,"14":24,"15":24,"16":24,"17":8,"18":2,"19":2,"20":2,"21":6,"22":2,"23":6,"24":3,"25":3,"26":1,"27":1,"28":1,"29":1},"f":{"0":1,"1":3,"2":8,"3":2,"4":6,"5":6,"6":3,"7":1},"b":{"0":[2,1],"1":[0],"2":[2,0]},"_coverageSchema":"1a1c01bbd47fc00a2c39e90264f33305004495a9","hash":"9803de7e4f667b9b60584e285e7e37bc8aa3a298"}
}
