TN:
SF:server\services\KnowledgeBase.js
FN:5,(anonymous_0)
FN:12,(anonymous_1)
FN:23,(anonymous_2)
FN:40,(anonymous_3)
FN:42,(anonymous_4)
FN:45,(anonymous_5)
FN:46,(anonymous_6)
FN:47,(anonymous_7)
FN:48,(anonymous_8)
FN:50,(anonymous_9)
FN:55,(anonymous_10)
FN:66,(anonymous_11)
FN:70,(anonymous_12)
FN:74,(anonymous_13)
FN:85,(anonymous_14)
FN:86,(anonymous_15)
FN:90,(anonymous_16)
FN:93,(anonymous_17)
FNF:18
FNH:18
FNDA:1,(anonymous_0)
FNDA:7,(anonymous_1)
FNDA:6,(anonymous_2)
FNDA:4,(anonymous_3)
FNDA:6,(anonymous_4)
FNDA:8,(anonymous_5)
FNDA:4,(anonymous_6)
FNDA:4,(anonymous_7)
FNDA:16,(anonymous_8)
FNDA:16,(anonymous_9)
FNDA:24,(anonymous_10)
FNDA:48,(anonymous_11)
FNDA:8,(anonymous_12)
FNDA:4,(anonymous_13)
FNDA:16,(anonymous_14)
FNDA:2,(anonymous_15)
FNDA:3,(anonymous_16)
FNDA:3,(anonymous_17)
DA:1,1
DA:2,1
DA:6,1
DA:7,1
DA:8,1
DA:9,1
DA:13,7
DA:15,7
DA:16,7
DA:17,7
DA:18,6
DA:20,6
DA:22,6
DA:23,6
DA:29,0
DA:32,6
DA:33,6
DA:35,1
DA:41,4
DA:42,6
DA:44,4
DA:45,8
DA:46,4
DA:47,4
DA:48,16
DA:50,4
DA:51,16
DA:52,16
DA:53,16
DA:55,16
DA:56,24
DA:57,7
DA:58,7
DA:59,7
DA:64,16
DA:65,16
DA:66,48
DA:68,16
DA:69,8
DA:70,8
DA:72,8
DA:73,4
DA:74,4
DA:75,0
DA:77,4
DA:81,16
DA:84,4
DA:85,16
DA:86,2
DA:91,3
DA:93,3
DA:94,3
DA:95,1
DA:96,2
DA:97,1
DA:99,1
DA:104,1
LF:57
LH:55
BRDA:13,0,0,0
BRDA:13,0,1,7
BRDA:22,1,0,6
BRDA:22,1,1,0
BRDA:24,2,0,6
BRDA:24,2,1,0
BRDA:29,3,0,0
BRDA:29,3,1,0
BRDA:40,4,0,4
BRDA:45,5,0,4
BRDA:45,5,1,0
BRDA:45,6,0,8
BRDA:45,6,1,0
BRDA:46,7,0,4
BRDA:46,7,1,0
BRDA:46,8,0,4
BRDA:46,8,1,0
BRDA:47,9,0,4
BRDA:47,9,1,0
BRDA:47,10,0,4
BRDA:47,10,1,0
BRDA:47,10,2,0
BRDA:48,11,0,16
BRDA:48,11,1,16
BRDA:48,11,2,16
BRDA:56,12,0,7
BRDA:56,12,1,17
BRDA:58,13,0,3
BRDA:58,13,1,4
BRDA:59,14,0,3
BRDA:59,14,1,4
BRDA:68,15,0,8
BRDA:68,15,1,8
BRDA:69,16,0,8
BRDA:69,16,1,4
BRDA:72,17,0,4
BRDA:72,17,1,4
BRDA:74,18,0,0
BRDA:74,18,1,4
BRDA:91,19,0,0
BRDA:91,19,1,3
BRDA:94,20,0,1
BRDA:94,20,1,2
BRDA:96,21,0,1
BRDA:96,21,1,1
BRF:45
BRH:31
end_of_record
TN:
SF:server\services\VectorStore.js
FN:5,(anonymous_0)
FN:10,(anonymous_1)
FN:21,(anonymous_2)
FN:33,(anonymous_3)
FN:36,(anonymous_4)
FN:43,(anonymous_5)
FN:45,(anonymous_6)
FN:51,(anonymous_7)
FNF:8
FNH:8
FNDA:1,(anonymous_0)
FNDA:3,(anonymous_1)
FNDA:8,(anonymous_2)
FNDA:2,(anonymous_3)
FNDA:6,(anonymous_4)
FNDA:6,(anonymous_5)
FNDA:3,(anonymous_6)
FNDA:1,(anonymous_7)
DA:1,1
DA:2,1
DA:6,1
DA:7,1
DA:11,3
DA:12,2
DA:13,2
DA:14,2
DA:16,1
DA:22,8
DA:23,8
DA:24,8
DA:25,8
DA:26,24
DA:27,24
DA:28,24
DA:30,8
DA:34,2
DA:36,6
DA:42,2
DA:43,6
DA:46,3
DA:47,3
DA:52,1
DA:53,1
DA:54,1
DA:58,1
LF:27
LH:27
BRDA:11,0,0,2
BRDA:11,0,1,1
BRDA:33,1,0,0
BRDA:34,2,0,2
BRDA:34,2,1,0
BRF:5
BRH:3
end_of_record
